<?xml version="1.0" encoding="UTF-8"?>
<!-- Generated by org.testng.reporters.JUnitReportReporter -->
<testsuite hostname="GGKU5DELL1216" failures="0" tests="1" name="testScripts.RestAPIAutomation" time="2.434" errors="0" timestamp="2020-02-26T15:45:26 IST" skipped="0">
  <testcase classname="testScripts.RestAPIAutomation" name="firstRestAPI" time="2.434"/>
</testsuite> <!-- testScripts.RestAPIAutomation -->
