<?xml version="1.0" encoding="UTF-8"?>
<!-- Generated by org.testng.reporters.JUnitReportReporter -->
<testsuite hostname="GGKU5DELL1216" failures="0" tests="2" name="testNg.NewTest" time="0.005" errors="0" timestamp="2019-11-13T14:39:43 IST" skipped="0">
  <testcase classname="testNg.NewTest" name="f" time="0.001"/>
  <testcase classname="testNg.NewTest" name="f" time="0.004"/>
</testsuite> <!-- testNg.NewTest -->
